[    0.000000] Initializing cgroup subsys cpuset
[    0.000000] Initializing cgroup subsys cpu
[    0.000000] Initializing cgroup subsys cpuacct
[    0.000000] Linux version 4.4.0-104-generic (buildd@lgw01-amd64-022) (gcc version 5.4.0 20160609 (Ubuntu 5.4.0-6ubuntu1~16.04.5) ) #127-Ubuntu SMP Mon Dec 11 12:16:42 UTC 2017 (Ubuntu 4.4.0-104.127-generic 4.4.98)
[    0.000000] Command line: BOOT_IMAGE=/boot/vmlinuz-4.4.0-104-generic root=UUID=a3f91fc3-3067-43d1-b704-7b1ab3a66579 ro console=tty1 console=ttyS0
[    0.000000] KERNEL supported cpus:
[    0.000000]   Intel GenuineIntel
[    0.000000]   AMD AuthenticAMD
[    0.000000]   Centaur CentaurHauls
[    0.000000] x86/fpu: xstate_offset[2]:  576, xstate_sizes[2]:  256
[    0.000000] x86/fpu: Supporting XSAVE feature 0x01: 'x87 floating point registers'
[    0.000000] x86/fpu: Supporting XSAVE feature 0x02: 'SSE registers'
[    0.000000] x86/fpu: Supporting XSAVE feature 0x04: 'AVX registers'
[    0.000000] x86/fpu: Enabled xstate features 0x7, context size is 832 bytes, using 'standard' format.
[    0.000000] x86/fpu: Using 'lazy' FPU context switches.
[    0.000000] e820: BIOS-provided physical RAM map:
[    0.000000] BIOS-e820: [mem 0x0000000000000000-0x000000000009fbff] usable
[    0.000000] BIOS-e820: [mem 0x000000000009fc00-0x000000000009ffff] reserved
[    0.000000] BIOS-e820: [mem 0x00000000000f0000-0x00000000000fffff] reserved
[    0.000000] BIOS-e820: [mem 0x0000000000100000-0x000000003ffeffff] usable
[    0.000000] BIOS-e820: [mem 0x000000003fff0000-0x000000003fffffff] ACPI data
[    0.000000] BIOS-e820: [mem 0x00000000fec00000-0x00000000fec00fff] reserved
[    0.000000] BIOS-e820: [mem 0x00000000fee00000-0x00000000fee00fff] reserved
[    0.000000] BIOS-e820: [mem 0x00000000fffc0000-0x00000000ffffffff] reserved
[    0.000000] NX (Execute Disable) protection: active
[    0.000000] SMBIOS 2.5 present.
[    0.000000] Hypervisor detected: KVM
[    0.000000] e820: last_pfn = 0x3fff0 max_arch_pfn = 0x400000000
[    0.000000] MTRR: Disabled
[    0.000000] x86/PAT: MTRRs disabled, skipping PAT initialization too.
[    0.000000] CPU MTRRs all blank - virtualized system.
[    0.000000] x86/PAT: Configuration [0-7]: WB  WT  UC- UC  WB  WT  UC- UC  
[    0.000000] found SMP MP-table at [mem 0x0009fff0-0x0009ffff] mapped at [ffff88000009fff0]
[    0.000000] Scanning 1 areas for low memory corruption
[    0.000000] RAMDISK: [mem 0x36230000-0x3710ffff]
[    0.000000] ACPI: Early table checksum verification disabled
[    0.000000] ACPI: RSDP 0x00000000000E0000 000024 (v02 VBOX  )
[    0.000000] ACPI: XSDT 0x000000003FFF0030 00003C (v01 VBOX   VBOXXSDT 00000001 ASL  00000061)
[    0.000000] ACPI: FACP 0x000000003FFF00F0 0000F4 (v04 VBOX   VBOXFACP 00000001 ASL  00000061)
[    0.000000] ACPI: DSDT 0x000000003FFF0470 0021FF (v02 VBOX   VBOXBIOS 00000002 INTL 20100528)
[    0.000000] ACPI: FACS 0x000000003FFF0200 000040
[    0.000000] ACPI: FACS 0x000000003FFF0200 000040
[    0.000000] ACPI: APIC 0x000000003FFF0240 00005C (v02 VBOX   VBOXAPIC 00000001 ASL  00000061)
[    0.000000] ACPI: SSDT 0x000000003FFF02A0 0001CC (v01 VBOX   VBOXCPUT 00000002 INTL 20100528)
[    0.000000] No NUMA configuration found
[    0.000000] Faking a node at [mem 0x0000000000000000-0x000000003ffeffff]
[    0.000000] NODE_DATA(0) allocated [mem 0x3ffeb000-0x3ffeffff]
[    0.000000] kvm-clock: Using msrs 4b564d01 and 4b564d00
[    0.000000] kvm-clock: cpu 0, msr 0:3ffe3001, primary cpu clock
[    0.000000] kvm-clock: using sched offset of 4063951333 cycles
[    0.000000] clocksource: kvm-clock: mask: 0xffffffffffffffff max_cycles: 0x1cd42e4dffb, max_idle_ns: 881590591483 ns
[    0.000000] Zone ranges:
[    0.000000]   DMA      [mem 0x0000000000001000-0x0000000000ffffff]
[    0.000000]   DMA32    [mem 0x0000000001000000-0x000000003ffeffff]
[    0.000000]   Normal   empty
[    0.000000]   Device   empty
[    0.000000] Movable zone start for each node
[    0.000000] Early memory node ranges
[    0.000000]   node   0: [mem 0x0000000000001000-0x000000000009efff]
[    0.000000]   node   0: [mem 0x0000000000100000-0x000000003ffeffff]
[    0.000000] Initmem setup node 0 [mem 0x0000000000001000-0x000000003ffeffff]
[    0.000000] ACPI: PM-Timer IO Port: 0x4008
[    0.000000] IOAPIC[0]: apic_id 2, version 32, address 0xfec00000, GSI 0-23
[    0.000000] ACPI: INT_SRC_OVR (bus 0 bus_irq 0 global_irq 2 dfl dfl)
[    0.000000] ACPI: INT_SRC_OVR (bus 0 bus_irq 9 global_irq 9 high level)
[    0.000000] Using ACPI (MADT) for SMP configuration information
[    0.000000] smpboot: Allowing 2 CPUs, 0 hotplug CPUs
[    0.000000] PM: Registered nosave memory: [mem 0x00000000-0x00000fff]
[    0.000000] PM: Registered nosave memory: [mem 0x0009f000-0x0009ffff]
[    0.000000] PM: Registered nosave memory: [mem 0x000a0000-0x000effff]
[    0.000000] PM: Registered nosave memory: [mem 0x000f0000-0x000fffff]
[    0.000000] e820: [mem 0x40000000-0xfebfffff] available for PCI devices
[    0.000000] Booting paravirtualized kernel on KVM
[    0.000000] clocksource: refined-jiffies: mask: 0xffffffff max_cycles: 0xffffffff, max_idle_ns: 7645519600211568 ns
[    0.000000] setup_percpu: NR_CPUS:512 nr_cpumask_bits:512 nr_cpu_ids:2 nr_node_ids:1
[    0.000000] PERCPU: Embedded 33 pages/cpu @ffff88003fc00000 s98200 r8192 d28776 u1048576
[    0.000000] PV qspinlock hash table entries: 256 (order: 0, 4096 bytes)
[    0.000000] Built 1 zonelists in Node order, mobility grouping on.  Total pages: 257913
[    0.000000] Policy zone: DMA32
[    0.000000] Kernel command line: BOOT_IMAGE=/boot/vmlinuz-4.4.0-104-generic root=UUID=a3f91fc3-3067-43d1-b704-7b1ab3a66579 ro console=tty1 console=ttyS0
[    0.000000] PID hash table entries: 4096 (order: 3, 32768 bytes)
[    0.000000] Memory: 997340K/1048120K available (8485K kernel code, 1295K rwdata, 3988K rodata, 1492K init, 1316K bss, 50780K reserved, 0K cma-reserved)
[    0.000000] SLUB: HWalign=64, Order=0-3, MinObjects=0, CPUs=2, Nodes=1
[    0.000000] Hierarchical RCU implementation.
[    0.000000] 	Build-time adjustment of leaf fanout to 64.
[    0.000000] 	RCU restricting CPUs from NR_CPUS=512 to nr_cpu_ids=2.
[    0.000000] RCU: Adjusting geometry for rcu_fanout_leaf=64, nr_cpu_ids=2
[    0.000000] NR_IRQS:33024 nr_irqs:440 16
[    0.000000] Console: colour VGA+ 80x25
[    0.000000] console [tty1] enabled
[    0.000000] console [ttyS0] enabled
[    0.000000] tsc: Detected 3392.302 MHz processor
[    1.362840] Calibrating delay loop (skipped) preset value.. 6784.60 BogoMIPS (lpj=13569208)
[    1.440709] pid_max: default: 32768 minimum: 301
[    1.447410] ACPI: Core revision 20150930
[    1.448874] ACPI: 2 ACPI AML tables successfully acquired and loaded
[    1.462570] Security Framework initialized
[    1.463286] Yama: becoming mindful.
[    1.466503] AppArmor: AppArmor initialized
[    1.485224] Dentry cache hash table entries: 131072 (order: 8, 1048576 bytes)
[    1.486485] Inode-cache hash table entries: 65536 (order: 7, 524288 bytes)
[    1.494835] Mount-cache hash table entries: 2048 (order: 2, 16384 bytes)
[    1.495841] Mountpoint-cache hash table entries: 2048 (order: 2, 16384 bytes)
[    1.497004] Initializing cgroup subsys io
[    1.497726] Initializing cgroup subsys memory
[    1.498471] Initializing cgroup subsys devices
[    1.505140] Initializing cgroup subsys freezer
[    1.505873] Initializing cgroup subsys net_cls
[    1.506613] Initializing cgroup subsys perf_event
[    1.507427] Initializing cgroup subsys net_prio
[    1.508224] Initializing cgroup subsys hugetlb
[    1.514490] Initializing cgroup subsys pids
[    1.522897] CPU: Physical Processor ID: 0
[    1.523646] CPU: Processor Core ID: 0
[    1.526897] mce: CPU supports 0 MCE banks
[    1.527614] Last level iTLB entries: 4KB 512, 2MB 8, 4MB 8
[    1.531057] Last level dTLB entries: 4KB 512, 2MB 32, 4MB 32, 1GB 0
[    1.700785] Freeing SMP alternatives memory: 32K
[    1.725597] ftrace: allocating 32158 entries in 126 pages
[    1.765465] smpboot: APIC(0) Converting physical 0 to logical package 0
[    1.829272] smpboot: Max logical packages: 1
[    1.830307] x2apic enabled
[    1.831032] Switched APIC routing to physical x2apic.
[    1.832837] ..TIMER: vector=0x30 apic1=0 pin1=2 apic2=-1 pin2=-1
[    1.946743] smpboot: CPU0: Intel(R) Core(TM) i7-3770 CPU @ 3.40GHz (family: 0x6, model: 0x3a, stepping: 0x9)
[    1.996300] Performance Events: unsupported p6 CPU model 58 no PMU driver, software events only.
[    2.071950] KVM setup paravirtual spinlock
[    2.073221] x86: Booting SMP configuration:
[    2.073936] .... node  #0, CPUs:      #1
[    2.080860] kvm-clock: cpu 1, msr 0:3ffe3041, secondary cpu clock
[    2.086044] mce: CPU supports 0 MCE banks
[    2.088476] x86: Booted up 1 node, 2 CPUs
[    2.138768] smpboot: Total of 2 processors activated (13569.20 BogoMIPS)
[    2.234122] devtmpfs: initialized
[    2.236245] evm: security.selinux
[    2.236859] evm: security.SMACK64
[    2.237475] evm: security.SMACK64EXEC
[    2.249159] evm: security.SMACK64TRANSMUTE
[    2.249856] evm: security.SMACK64MMAP
[    2.255867] evm: security.ima
[    2.256431] evm: security.capability
[    2.257276] clocksource: jiffies: mask: 0xffffffff max_cycles: 0xffffffff, max_idle_ns: 7645041785100000 ns
[    2.258850] futex hash table entries: 512 (order: 3, 32768 bytes)
[    2.259929] pinctrl core: initialized pinctrl subsystem
[    2.271071] RTC time:  0:26:52, date: 01/09/18
[    2.272212] NET: Registered protocol family 16
[    2.283262] cpuidle: using governor ladder
[    2.367250] cpuidle: using governor menu
[    2.381594] PCCT header not found.
[    2.382280] ACPI: bus type PCI registered
[    2.382986] acpiphp: ACPI Hot Plug PCI Controller Driver version: 0.5
[    2.387019] PCI: Using configuration type 1 for base access
[    2.399974] ACPI: Added _OSI(Module Device)
[    2.468584] ACPI: Added _OSI(Processor Device)
[    2.474555] ACPI: Added _OSI(3.0 _SCP Extensions)
[    2.528596] ACPI: Added _OSI(Processor Aggregator Device)
[    2.558110] ACPI: Executed 1 blocks of module-level executable AML code
[    2.615014] ACPI: Interpreter enabled
[    2.615667] ACPI: (supports S0 S5)
[    2.616313] ACPI: Using IOAPIC for interrupt routing
[    2.617251] PCI: Using host bridge windows from ACPI; if necessary, use "pci=nocrs" and report a bug
[    2.621679] ACPI: PCI Root Bridge [PCI0] (domain 0000 [bus 00-ff])
[    2.622630] acpi PNP0A03:00: _OSC: OS supports [ASPM ClockPM Segments MSI]
[    2.623690] acpi PNP0A03:00: _OSC: not requesting OS control; OS requires [ExtendedConfig ASPM ClockPM MSI]
[    2.625229] acpi PNP0A03:00: fail to add MMCONFIG information, can't access extended PCI configuration space under this bridge.
[    2.640660] PCI host bridge to bus 0000:00
[    2.641419] pci_bus 0000:00: root bus resource [io  0x0000-0x0cf7 window]
[    2.642462] pci_bus 0000:00: root bus resource [io  0x0d00-0xffff window]
[    2.645105] pci_bus 0000:00: root bus resource [mem 0x000a0000-0x000bffff window]
[    2.647885] pci_bus 0000:00: root bus resource [mem 0x40000000-0xffdfffff window]
[    2.649155] pci_bus 0000:00: root bus resource [bus 00-ff]
[    2.651718] pci 0000:00:01.1: legacy IDE quirk: reg 0x10: [io  0x01f0-0x01f7]
[    2.687710] pci 0000:00:01.1: legacy IDE quirk: reg 0x14: [io  0x03f6]
[    2.700669] pci 0000:00:01.1: legacy IDE quirk: reg 0x18: [io  0x0170-0x0177]
[    2.703240] pci 0000:00:01.1: legacy IDE quirk: reg 0x1c: [io  0x0376]
[    2.713885] pci 0000:00:07.0: quirk: [io  0x4000-0x403f] claimed by PIIX4 ACPI
[    2.742486] pci 0000:00:07.0: quirk: [io  0x4100-0x410f] claimed by PIIX4 SMB
[    2.750760] ACPI: PCI Interrupt Link [LNKA] (IRQs 5 9 10 *11)
[    2.762458] ACPI: PCI Interrupt Link [LNKB] (IRQs 5 9 10 *11)
[    2.807964] ACPI: PCI Interrupt Link [LNKC] (IRQs 5 9 *10 11)
[    2.812514] ACPI: PCI Interrupt Link [LNKD] (IRQs 5 *9 10 11)
[    2.813852] ACPI: Enabled 2 GPEs in block 00 to 07
[    2.814937] vgaarb: setting as boot device: PCI:0000:00:02.0
[    2.815824] vgaarb: device added: PCI:0000:00:02.0,decodes=io+mem,owns=io+mem,locks=none
[    2.831594] vgaarb: loaded
[    2.832144] vgaarb: bridge control possible 0000:00:02.0
[    2.861243] SCSI subsystem initialized
[    2.945302] ACPI: bus type USB registered
[    2.950470] usbcore: registered new interface driver usbfs
[    2.951359] usbcore: registered new interface driver hub
[    2.971680] usbcore: registered new device driver usb
[    2.992264] PCI: Using ACPI for IRQ routing
[    3.031035] NetLabel: Initializing
[    3.031654] NetLabel:  domain hash size = 128
[    3.032395] NetLabel:  protocols = UNLABELED CIPSOv4
[    3.042675] NetLabel:  unlabeled traffic allowed by default
[    3.079672] amd_nb: Cannot enumerate AMD northbridges
[    3.080547] clocksource: Switched to clocksource kvm-clock
[    3.089669] AppArmor: AppArmor Filesystem Enabled
[    3.093111] pnp: PnP ACPI init
[    3.120486] pnp: PnP ACPI: found 3 devices
[    3.138400] clocksource: acpi_pm: mask: 0xffffff max_cycles: 0xffffff, max_idle_ns: 2085701024 ns
[    3.179084] NET: Registered protocol family 2
[    3.179969] TCP established hash table entries: 8192 (order: 4, 65536 bytes)
[    3.197717] TCP bind hash table entries: 8192 (order: 5, 131072 bytes)
[    3.198704] TCP: Hash tables configured (established 8192 bind 8192)
[    3.199678] UDP hash table entries: 512 (order: 2, 16384 bytes)
[    3.200597] UDP-Lite hash table entries: 512 (order: 2, 16384 bytes)
[    3.206933] NET: Registered protocol family 1
[    3.207685] pci 0000:00:00.0: Limiting direct PCI/PCI transfers
[    3.208639] pci 0000:00:01.0: Activating ISA DMA hang workarounds
[    3.209958] Unpacking initramfs...
[    3.442278] Freeing initrd memory: 15232K
[    3.479944] RAPL PMU detected, API unit is 2^-32 Joules, 3 fixed counters 10737418240 ms ovfl timer
[    3.491300] hw unit of domain pp0-core 2^-0 Joules
[    3.492168] hw unit of domain package 2^-0 Joules
[    3.492981] hw unit of domain pp1-gpu 2^-0 Joules
[    3.493833] platform rtc_cmos: registered platform RTC device (no PNP device found)
[    3.495222] Scanning for low memory corruption every 60 seconds
[    3.496784] audit: initializing netlink subsys (disabled)
[    3.502032] audit: type=2000 audit(1515457616.167:1): initialized
[    3.503216] Initialise system trusted keyring
[    3.514915] HugeTLB registered 2 MB page size, pre-allocated 0 pages
[    3.551997] zbud: loaded
[    3.555163] VFS: Disk quotas dquot_6.6.0
[    3.558341] VFS: Dquot-cache hash table entries: 512 (order 0, 4096 bytes)
[    3.561817] squashfs: version 4.0 (2009/01/31) Phillip Lougher
[    3.571227] fuse init (API version 7.23)
[    3.593506] Key type big_key registered
[    3.631791] Allocating IMA MOK and blacklist keyrings.
[    3.633604] Key type asymmetric registered
[    3.653528] Asymmetric key parser 'x509' registered
[    3.654385] Block layer SCSI generic (bsg) driver version 0.4 loaded (major 249)
[    3.655714] io scheduler noop registered
[    3.704917] io scheduler deadline registered (default)
[    3.721085] io scheduler cfq registered
[    3.735590] pci_hotplug: PCI Hot Plug PCI Core version: 0.5
[    3.737931] pciehp: PCI Express Hot Plug Controller Driver version: 0.4
[    3.739035] ACPI: AC Adapter [AC] (on-line)
[    3.739783] input: Power Button as /devices/LNXSYSTM:00/LNXPWRBN:00/input/input0
[    3.741039] ACPI: Power Button [PWRF]
[    3.741739] input: Sleep Button as /devices/LNXSYSTM:00/LNXSLPBN:00/input/input1
[    3.742980] ACPI: Sleep Button [SLPF]
[    3.743826] GHES: HEST is not enabled!
[    3.768002] Serial: 8250/16550 driver, 32 ports, IRQ sharing enabled
[    3.791067] 00:02: ttyS0 at I/O 0x3f8 (irq = 4, base_baud = 115200) is a 16550A
[    3.809431] Linux agpgart interface v0.103
[    3.811653] loop: module loaded
[    3.885340] scsi host0: ata_piix
[    3.943892] scsi host1: ata_piix
[    4.032354] ata1: PATA max UDMA/33 cmd 0x1f0 ctl 0x3f6 bmdma 0xd000 irq 14
[    4.046035] ata2: PATA max UDMA/33 cmd 0x170 ctl 0x376 bmdma 0xd008 irq 15
[    4.047271] libphy: Fixed MDIO Bus: probed
[    4.048002] tun: Universal TUN/TAP device driver, 1.6
[    4.048815] tun: (C) 1999-2004 Max Krasnyansky <maxk@qualcomm.com>
[    4.055953] PPP generic driver version 2.4.2
[    4.088912] ehci_hcd: USB 2.0 'Enhanced' Host Controller (EHCI) Driver
[    4.101904] ehci-pci: EHCI PCI platform driver
[    4.102656] ehci-platform: EHCI generic platform driver
[    4.124451] ohci_hcd: USB 1.1 'Open' Host Controller (OHCI) Driver
[    4.134326] ohci-pci: OHCI PCI platform driver
[    4.135077] ohci-platform: OHCI generic platform driver
[    4.135910] uhci_hcd: USB Universal Host Controller Interface driver
[    4.136939] i8042: PNP: PS/2 Controller [PNP0303:PS2K,PNP0f03:PS2M] at 0x60,0x64 irq 1,12
[    4.138677] serio: i8042 KBD port at 0x60,0x64 irq 1
[    4.182506] serio: i8042 AUX port at 0x60,0x64 irq 12
[    4.183603] mousedev: PS/2 mouse device common for all mice
[    4.184843] input: AT Translated Set 2 keyboard as /devices/platform/i8042/serio0/input/input2
[    4.186688] rtc_cmos rtc_cmos: rtc core: registered rtc_cmos as rtc0
[    4.193491] rtc_cmos rtc_cmos: alarms up to one day, 114 bytes nvram
[    4.198473] i2c /dev entries driver
[    4.199150] device-mapper: uevent: version 1.0.3
[    4.205413] device-mapper: ioctl: 4.34.0-ioctl (2015-10-28) initialised: dm-devel@redhat.com
[    4.206812] ledtrig-cpu: registered to indicate activity on CPUs
[    4.208131] NET: Registered protocol family 10
[    4.209063] NET: Registered protocol family 17
[    4.310840] Key type dns_resolver registered
[    4.331637] microcode: CPU0 sig=0x306a9, pf=0x2, revision=0x19
[    4.338236] microcode: CPU1 sig=0x306a9, pf=0x2, revision=0x19
[    4.364413] microcode: Microcode Update Driver: v2.01 <tigran@aivazian.fsnet.co.uk>, Peter Oruba
[    4.395594] registered taskstats version 1
[    4.428817] Loading compiled-in X.509 certificates
[    4.448031] Loaded X.509 cert 'Build time autogenerated kernel key: 8537ad706776f532219d7336343c968b9f82f7c7'
[    4.488042] zswap: loaded using pool lzo/zbud
[    4.490085] Key type trusted registered
[    4.492578] tsc: Refined TSC clocksource calibration: 3390.246 MHz
[    4.540443] clocksource: tsc: mask: 0xffffffffffffffff max_cycles: 0x30de50cfc85, max_idle_ns: 440795368028 ns
[    4.599758] Key type encrypted registered
[    4.600474] AppArmor: AppArmor sha1 policy hashing enabled
[    4.601371] ima: No TPM chip found, activating TPM-bypass!
[    4.602244] evm: HMAC attrs: 0x1
[    4.603108]   Magic number: 2:16:405
[    4.603821] rtc_cmos rtc_cmos: setting system clock to 2018-01-09 00:26:54 UTC (1515457614)
[    4.605261] BIOS EDD facility v0.16 2004-Jun-25, 0 devices found
[    4.606186] EDD information not available.
[    4.607955] Freeing unused kernel memory: 1492K
[    4.608702] Write protecting the kernel read-only data: 14336k
[    4.609949] Freeing unused kernel memory: 1744K
[    4.633835] Freeing unused kernel memory: 108K
Loading, please [    4.642521] random: systemd-udevd: uninitialized urandom read (16 bytes read, 2 bits of entropy available)
wait...
startin[    4.642915] random: udevadm: uninitialized urandom read (16 bytes read, 2 bits of entropy available)
g version 229
[    4.642928] random: udevadm: uninitialized urandom read (16 bytes read, 2 bits of entropy available)
[    4.648564] random: udevadm: uninitialized urandom read (16 bytes read, 2 bits of entropy available)
[    4.648591] random: udevadm: uninitialized urandom read (16 bytes read, 2 bits of entropy available)
[    4.648680] random: udevadm: uninitialized urandom read (16 bytes read, 2 bits of entropy available)
[    4.648713] random: udevadm: uninitialized urandom read (16 bytes read, 2 bits of entropy available)
[    4.648746] random: udevadm: uninitialized urandom read (16 bytes read, 2 bits of entropy available)
[    4.648782] random: udevadm: uninitialized urandom read (16 bytes read, 2 bits of entropy available)
[    4.648815] random: udevadm: uninitialized urandom read (16 bytes read, 2 bits of entropy available)
[    4.991934] e1000: Intel(R) PRO/1000 Network Driver - version 7.3.21-k8-NAPI
[    5.020555] e1000: Copyright (c) 1999-2006 Intel Corporation.
[    5.037794] Fusion MPT base driver 3.04.20
[    5.061102] Copyright (c) 1999-2008 LSI Corporation
[    5.072876] Fusion MPT SPI Host driver 3.04.20
[    5.091702] AVX version of gcm_enc/dec engaged.
[    5.093550] AES CTR mode by8 optimization enabled
[    5.237723] input: ImExPS/2 Generic Explorer Mouse as /devices/platform/i8042/serio1/input/input4
[    5.426815] e1000 0000:00:03.0 eth0: (PCI:33MHz:32-bit) 02:15:29:52:b1:84
[    5.501261] e1000 0000:00:03.0 eth0: Intel(R) PRO/1000 Network Connection
[    5.503033] e1000 0000:00:03.0 enp0s3: renamed from eth0
[    5.503129] mptbase: ioc0: Initiating bringup
[    5.565026] ioc0: LSI53C1030 A0: Capabilities={Initiator}
[    5.885446] scsi host2: ioc0: LSI53C1030 A0, FwRev=00000000h, Ports=1, MaxQ=256, IRQ=20
[    6.057313] scsi 2:0:0:0: Direct-Access     VBOX     HARDDISK         1.0  PQ: 0 ANSI: 5
[    6.072006] scsi target2:0:0: Beginning Domain Validation
[    6.089297] scsi target2:0:0: Domain Validation skipping write tests
[    6.201254] scsi target2:0:0: Ending Domain Validation
[    6.211099] scsi target2:0:0: asynchronous
[    6.212119] scsi 2:0:1:0: Direct-Access     VBOX     HARDDISK         1.0  PQ: 0 ANSI: 5
[    6.253738] scsi target2:0:1: Beginning Domain Validation
[    6.275558] scsi target2:0:1: Domain Validation skipping write tests
[    6.276512] scsi target2:0:1: Ending Domain Validation
[    6.277386] scsi target2:0:1: asynchronous
[    6.281751] sd 2:0:0:0: [sda] 20971520 512-byte logical blocks: (10.7 GB/10.0 GiB)
[    6.281917] sd 2:0:0:0: Attached scsi generic sg0 type 0
[    6.282256] sd 2:0:1:0: Attached scsi generic sg1 type 0
[    6.282423] sd 2:0:1:0: [sdb] 20480 512-byte logical blocks: (10.5 MB/10.0 MiB)
[    6.282514] sd 2:0:1:0: [sdb] Write Protect is off
[    6.282575] sd 2:0:1:0: [sdb] Incomplete mode parameter data
[    6.282576] sd 2:0:1:0: [sdb] Assuming drive cache: write through
[    6.298546] sd 2:0:1:0: [sdb] Attached SCSI disk
[    6.328929] sd 2:0:0:0: [sda] Write Protect is off
[    6.331371] sd 2:0:0:0: [sda] Incomplete mode parameter data
[    6.332282] sd 2:0:0:0: [sda] Assuming drive cache: write through
[    6.401741]  sda: sda1
[    6.429962] sd 2:0:0:0: [sda] Attached SCSI disk
[    8.037209] floppy0: no floppy controllers found
Begin: Loading e[    9.430135] md: linear personality registered for level -1
ssential drivers ... [    9.468001] md: multipath personality registered for level -4
[    9.480291] md: raid0 personality registered for level 0
[    9.483405] md: raid1 personality registered for level 1
[    9.564615] raid6: sse2x1   gen()  9658 MB/s
[    9.716636] raid6: sse2x1   xor()  7741 MB/s
[    9.788668] raid6: sse2x2   gen() 12310 MB/s
[    9.876654] raid6: sse2x2   xor()  8460 MB/s
[   10.016676] raid6: sse2x4   gen() 14116 MB/s
[   10.120703] raid6: sse2x4   xor()  9292 MB/s
[   10.130846] raid6: using algorithm sse2x4 gen() 14116 MB/s
[   10.142232] raid6: .... xor() 9292 MB/s, rmw enabled
[   10.143024] raid6: using ssse3x2 recovery algorithm
[   10.145044] xor: automatically using best checksumming function:
[   10.184682]    avx       : 20098.000 MB/sec
[   10.189733] async_tx: api initialized (async)
[   10.196319] md: raid6 personality registered for level 6
[   10.233908] md: raid5 personality registered for level 5
[   10.239494] md: raid4 personality registered for level 4
[   10.286347] md: raid10 personality registered for level 10
done.
Begin: Running /scripts/init-premount ... done.
Begin: Mounting root file system ... Beg[   10.376142] Btrfs loaded
in: Running /scripts/local-top ... done.
Begin: Running /scripts/local-premount ... Scanning for Btrfs filesystems
done.
Warning: fsck no[   10.490778] EXT4-fs (sda1): INFO: recovery required on readonly filesystem
t present, so sk[   10.492409] EXT4-fs (sda1): write access will be enabled during recovery
ipping root file system
[   10.841790] EXT4-fs (sda1): recovery complete
[   10.856873] EXT4-fs (sda1): mounted filesystem with ordered data mode. Opts: (null)
done.
[   11.894004] random: nonblocking pool is initialized
Begin: Running /scripts/local-bottom ... done.
Begin: Running /scripts/init-bottom ... done.
[   12.808975] systemd[1]: systemd 229 running in system mode. (+PAM +AUDIT +SELINUX +IMA +APPARMOR +SMACK +SYSVINIT +UTMP +LIBCRYPTSETUP +GCRYPT +GNUTLS +ACL +XZ -LZ4 +SECCOMP +BLKID +ELFUTILS +KMOD -IDN)
[   12.836059] systemd[1]: Detected virtualization oracle.
[   12.836925] systemd[1]: Detected architecture x86-64.

Welcome to [1mUbuntu 16.04.3 LTS[0m!

[   12.869822] systemd[1]: Set hostname to <ubuntu-xenial>.
[   13.807699] systemd[1]: Listening on udev Kernel Socket.
[[0;32m  OK  [0m] Listening on udev Kernel Socket.
[   13.845592] systemd[1]: Listening on LVM2 metadata daemon socket.
[[0;32m  OK  [0m] Listening on LVM2 metadata daemon socket.
[   13.867475] systemd[1]: Created slice User and Session Slice.
[[0;32m  OK  [0m] Created slice User and Session Slice.
[   13.869231] systemd[1]: Listening on /dev/initctl Compatibility Named Pipe.
[[0;32m  OK  [0m] Listening on /dev/initctl Compatibility Named Pipe.
[   13.871229] systemd[1]: Listening on Journal Socket.
[[0;32m  OK  [0m] Listening on Journal Socket.
[   13.877328] systemd[1]: Created slice System Slice.
[[0;32m  OK  [0m] Created slice System Slice.
[   13.888804] systemd[1]: Starting Set console keymap...
         Starting Set console keymap...
[   13.964058] systemd[1]: Created slice system-serial\x2dgetty.slice.
[[0;32m  OK  [0m] Created slice system-serial\x2dgetty.slice.
[   13.967397] systemd[1]: Reached target Slices.
[[0;32m  OK  [0m] Reached target Slices.
[   13.970466] systemd[1]: Mounting Huge Pages File System...
         Mounting Huge Pages File System...
[   14.097062] systemd[1]: Listening on Journal Audit Socket.
[[0;32m  OK  [0m] Listening on Journal Audit Socket.
[   14.141125] systemd[1]: Starting Create list of required static device nodes for the current kernel...
         Starting Create list of required st... nodes for the current kernel...
[   14.312129] systemd[1]: Listening on udev Control Socket.
[[0;32m  OK  [0m] Listening on udev Control Socket.
[   14.412872] systemd[1]: Starting Nameserver information manager...
         Starting Nameserver information manager...
[   14.572301] systemd[1]: Reached target Swap.
[[0;32m  OK  [0m] Reached target Swap.
[   14.573837] systemd[1]: Reached target User and Group Name Lookups.
[[0;32m  OK  [0m] Reached target User and Group Name Lookups.
[   14.680956] systemd[1]: Reached target Encrypted Volumes.
[[0;32m  OK  [0m] Reached target Encrypted Volumes.
[   14.698268] systemd[1]: Set up automount Arbitrary Executable File Formats File System Automount Point.
[[0;32m  OK  [0m] Set up automount Arbitrary Executab...ats File System Automount Point.
[   14.796983] systemd[1]: Starting Remount Root and Kernel File Systems...
[   14.805032] EXT4-fs (sda1): re-mounted. Opts: (null)
         Starting Remount Root and Kernel File Systems...
[   14.873550] systemd[1]: Started Trigger resolvconf update for networkd DNS.
[[0;32m  OK  [0m] Started Trigger resolvconf update for networkd DNS.
[   14.889847] systemd[1]: Starting Uncomplicated firewall...
         Starting Uncomplicated firewall...
[   14.913250] systemd[1]: Created slice system-postgresql.slice.
[[0;32m  OK  [0m] Created slice system-postgresql.slice.
[   14.973174] systemd[1]: Listening on Syslog Socket.
[[0;32m  OK  [0m] Listening on Syslog Socket.
[   15.035222] systemd[1]: Listening on Journal Socket (/dev/log).
[[0;32m  OK  [0m] Listening on Journal Socket (/dev/log).
[   15.204901] systemd[1]: Starting Journal Service...
         Starting Journal Service...
[   15.251272] systemd[1]: Started Forward Password Requests to Wall Directory Watch.
[[0;32m  OK  [0m] Started Forward Password Requests to Wall Directory Watch.
[   15.268977] systemd[1]: Mounting Debug File System...
         Mounting Debug File System...
[   15.328046] systemd[1]: Starting Load Kernel Modules...
         Starting Load Kernel Modules...
[   15.362696] systemd[1]: Mounting POSIX Message Queue File System...
         Mounting POSIX Message Queue File System...
[   15.364492] systemd[1]: Listening on LVM2 poll daemon socket.
[[0;32m  OK  [0m] Listening on LVM2 poll daemon socket.
[   15.366410] systemd[1]: Listening on Device-mapper event daemon FIFOs.
[[0;32m  OK  [0m] Listening on Device-mapper event daemon FIFOs.
[   15.427231] Loading iSCSI transport class v2.0-870.
[   15.428959] systemd[1]: Starting Monitoring of LVM2 mirrors, snapshots etc. using dmeventd or progress polling...
         Starting Monitoring of LVM2 mirrors... [   15.549715] iscsi: registered transport (tcp)
dmeventd or progress polling...
[   15.594206] systemd[1]: Mounted Huge Pages File System.
[[0;32m  OK  [0m] Mounted Huge Pages File System.
[   15.691707] systemd[1]: Mounted POSIX Message Queue File System.
[[0;32m  OK  [0m] Mounted POSIX Message Queue File System.
[   15.693571] systemd[1]: Mounted Debug File System.
[[0;32m  OK  [0m] Mounted Debug File System.
[   15.695217] systemd[1]: Started Journal Service.
[   15.756597] iscsi: registered transport (iser)
[[0;32m  OK  [0m] Started Journal Service.
[[0;32m  OK  [0m] Started Set console keymap.
[[0;32m  OK  [0m] Started Create list of required sta...ce nodes for the current kernel.
[[0;32m  OK  [0m] Started Remount Root and Kernel File Systems.
[[0;32m  OK  [0m] Started Uncomplicated firewall.
[[0;32m  OK  [0m] Started Load Kernel Modules.
[[0;32m  OK  [0m] Started Nameserver information manager.
[[0;32m  OK  [0m] Started LVM2 metadata daemon.
         Starting Apply Kernel Variables...
         Mounting FUSE Control File System...
         Starting Initial cloud-init job (pre-networking)...
         Starting Load/Save Random Seed...
         Starting udev Coldplug all Devices...
         Starting Create Static Device Nodes in /dev...
         Starting Flush Journal to Persistent Storage...
[[0;32m  OK  [0m] Mounted FUSE Control File System.
[[0;32m  OK  [0m] Started Monitoring of LVM2 mirrors,...ng dmeventd or progress polling.
[[0;32m  OK  [0m] Started Apply Kernel Variables.
[[0;32m  OK  [0m] Started Load/Save Random Seed.
[[0;32m  OK  [0m] Started Create Static Device Nodes in /dev.
[[0;32m  OK  [0m] Started udev Coldplug all Devices.
         Starting udev Kernel Device Manager...
[[0;32m  OK  [0m] Started Flush Journal to Persistent Storage.
[[0;32m  OK  [0m] Started udev Kernel Device Manager.
[[0;32m  OK  [0m] Reached target Local File Systems (Pre).
[[0;32m  OK  [0m] Reached target Local File Systems.
         Starting Set console font and keymap...
         Starting Tell Plymouth To Write Out Runtime Data...
         Starting LSB: AppArmor initialization...
         Starting Create Volatile Files and Directories...
[[0;32m  OK  [0m] Started Dispatch Password Requests to Console Directory Watch.
[[0;32m  OK  [0m] Started Tell Plymouth To Write Out Runtime Data.
[[0;32m  OK  [0m] Started Create Volatile Files and Directories.
         Starting Update UTMP about System Boot/Shutdown...
[[0;32m  OK  [0m] Reached target System Time Synchronized.
[[0;32m  OK  [0m] Found device /dev/ttyS0.
[[0;32m  OK  [0m] Started Update UTMP about System Boot/Shutdown.
[[0;32m  OK  [0m] Started Set console font and keymap.
[[0;32m  OK  [0m] Created slice system-getty.slice.
[[0;32m  OK  [0m] Found device 82540EM Gigabit Ethern...r (PRO/1000 MT Desktop Adapter).
[[0;32m  OK  [0m] Listening on Load/Save RF Kill Switch Status /dev/rfkill Watch.
[[0;32m  OK  [0m] Started LSB: AppArmor initialization.
[   17.339773] cloud-init[448]: Cloud-init v. 17.1 running 'init-local' at Tue, 09 Jan 2018 00:27:09 +0000. Up 16.62 seconds.
[[0;32m  OK  [0m] Started Initial cloud-init job (pre-networking).
[[0;32m  OK  [0m] Reached target Network (Pre).
[[0;32m  OK  [0m] Started ifup for enp0s3.
         Starting Raise network interfaces...
[[0;32m  OK  [0m] Started Raise network interfaces.
[[0;32m  OK  [0m] Reached target Network.
         Starting Initial cloud-init job (metadata service crawler)...
[   18.875788] cloud-init[972]: Cloud-init v. 17.1 running 'init' at Tue, 09 Jan 2018 00:27:10 +0000. Up 18.17 seconds.
[   18.996664] cloud-init[972]: ci-info: +++++++++++++++++++++++++++++++++++++Net device info++++++++++++++++++++++++++++++++++++++
[[0;32m  OK  [0m[   19.112366] ] cloud-initStarted Initial cloud-init job (metadata service crawler).[972]: 
ci-info: +--------+------+----------------------------+---------------+-------+-------------------+
[   19.304543] cloud-init[972]: ci-info: | Device |  Up  |          Address           |      Mask     | Scope |     Hw-Address    |
[   19.305163] cloud-init[972]: ci-info: +--------+------+----------------------------+---------------+-------+-------------------+
[[0;32m  OK  [0m] Reached target System Initialization.
[   19.305410] cloud-init[972]: ci-info: | enp0s3 | True |         10.0.2.15          | 255.255.255.0 |   .   | 02:15:29:52:b1:84 |
[   19.600020] cloud-init[972]: ci-info: | enp0s3 | True | fe80::15:29ff:fe52:b184/64 |       .       |  link | 02:15:29:52:b1:84 |
[[0;32m  OK  [0m] Listening on ACPID Listen Socket.
[   19.600367] cloud-init[972]: ci-info: |   lo   | True |         127.0.0.1          |   255.0.0.0   |   .   |         .         |
[   19.809386] cloud-init[972]: ci-info: |   lo   | True |          ::1/128           |       .       |  host |         .         |
[   19.809974] cloud-init[972]: ci-info: +--------+------+----------------------------+---------------+-------+-------------------+
[[0;32m  OK  [0m] Started Timer to automatically refresh installed snaps.
[   19.810266] cloud-init[972]: ci-info: +++++++++++++++++++++++++++Route IPv4 info++++++++++++++++++++++++++++
[   20.156352] cloud-init[972]: ci-info: +-------+-------------+----------+---------------+-----------+-------+
[   20.156903] cloud-init[972]: ci-info: | Route | Destination | Gateway  |    Genmask    | Interface | Flags |
[   20.157184] cloud-init[972]: ci-info: +-------+-------------+----------+---------------+-----------+-------+
[   20.157485] cloud-init[972]: ci-info: |   0   |   0.0.0.0   | 10.0.2.2 |    0.0.0.0    |   enp0s3  |   UG  |
[   20.157816] cloud-init[972]: ci-info: |   1   |   10.0.2.0  | 0.0.0.0  | 255.255.255.0 |   enp0s3  |   U   |
[   20.158042] cloud-init[972]: ci-info: +-------+-------------+----------+---------------+-----------+-------+
         Starting Socket activation for snappy daemon.
         Starting LXD - unix socket.
[[0;32m  OK  [0m] Started ACPI Events Check.
[[0;32m  OK  [0m] Reached target Paths.
[[0;32m  OK  [0m] Listening on UUID daemon activation socket.
[[0;32m  OK  [0m] Started Daily Cleanup of Temporary Directories.
[[0;32m  OK  [0m] Listening on D-Bus System Message Bus Socket.
[[0;32m  OK  [0m] Reached target Cloud-config availability.
[[0;32m  OK  [0m] Reached target Network is Online.
[[0;32m  OK  [0m] Started Daily apt download activities.
[[0;32m  OK  [0m] Started Daily apt upgrade and clean activities.
[[0;32m  OK  [0m] Reached target Timers.
         Starting iSCSI initiator daemon (iscsid)...
[[0;32m  OK  [0m] Listening on Socket activation for snappy daemon.
[[0;32m  OK  [0m] Listening on LXD - unix socket.
[[0;32m  OK  [0m] Reached target Sockets.
[[0;32m  OK  [0m] Reached target Basic System.
         Starting Accounts Service...
         Starting LSB: MD monitoring daemon...
[[0;32m  OK  [0m] Started Deferred execution scheduler.
         Starting LXD - container startup/shutdown...
         Starting /etc/rc.local Compatibility...
         Starting Snappy daemon...
         Starting Apply the settings specified in cloud-config...
         Starting System Logging Service...
[[0;32m  OK  [0m] Started Unattended Upgrades Shutdown.
[[0;32m  OK  [0m] Started D-Bus System Message Bus.
[   21.858050] cloud-init[1045]: Cloud-init v. 17.1 running 'modules:config' at Tue, 09 Jan 2018 00:27:14 +0000. Up 21.57 seconds.
[[0;32m  OK  [0m] Started ACPI event daemon.
         Starting PostgreSQL Cluster 9.5-main...
[[0;32m  OK  [0m] Started Regular background program processing daemon.
[[0;32m  OK  [0m] Started FUSE filesystem for LXC.
         Starting OpenBSD Secure Shell server...
         Starting LSB: Record successful boot for GRUB...
         Starting Login Service...
[[0;32m  OK  [0m] Started System Logging Service.
[[0;32m  OK  [0m] Started iSCSI initiator daemon (iscsid).
[[0;32m  OK  [0m] Started /etc/rc.local Compatibility.
[[0;32m  OK  [0m] Started Apply the settings specified in cloud-config.
[[0;32m  OK  [0m] Started Login Service.
         Starting Authenticate and Authorize Users to Run Privileged Tasks...
         Starting Login to default iSCSI targets...
[[0;32m  OK  [0m] Started LSB: MD monitoring daemon.
[[0;32m  OK  [0m] Started LSB: Record successful boot for GRUB.
[[0;32m  OK  [0m] Started Authenticate and Authorize Users to Run Privileged Tasks.
[[0;32m  OK  [0m] Started Accounts Service.
[[0;32m  OK  [0m] Started OpenBSD Secure Shell server.
[[0;32m  OK  [0m] Started Login to default iSCSI targets.
[[0;32m  OK  [0m] Started LXD - container startup/shutdown.
[[0;32m  OK  [0m] Started Snappy daemon.
[[0;32m  OK  [0m] Reached target Remote File Systems (Pre).
[[0;32m  OK  [0m] Reached target Remote File Systems.
         Starting LSB: VirtualBox Linux Additions...
         Starting LSB: Start/stop sysstat's sadc...
         Starting LSB: automatic crash report generation...
         Starting LSB: Set the CPU Frequency Scaling governor to "ondemand"...
         Starting LSB: daemon to balance interrupts for SMP systems...
         Starting Permit User Sessions...
[[0;32m  OK  [0m] Started LSB: Start/stop sysstat's sadc.
[[0;32m  OK  [0m] Started Permit User Sessions.
[[0;32m  OK  [0m] Started LSB: Set the CPU Frequency Scaling governor to "ondemand".
         Starting Hold until boot process finishes up...
         Starting Terminate Plymouth Boot Screen...
[[0;32m  OK  [0m] Started LSB: VirtualBox Linux Additions.
[[0;32m  OK  [0m] Started LSB: automatic crash report generation.
[[0;32m  OK  [0m] Started LSB: daemon to balance interrupts for SMP systems.
[[0;32m  OK  [0m] Started Hold until boot process finishes up.
[[0;32m  OK  [0m] Started Terminate Plymouth Boot Screen.
[[0;32m  OK  [0m] Started Getty on tty1.
         Starting Set console scheme...
[[0;32m  OK  [0m] Started Serial Getty on ttyS0.
[[0;32m  OK  [0m] Reached target Login Prompts.
[[0;32m  OK  [0m] Started Set console scheme.
[[0;32m  OK  [0m] Started PostgreSQL Cluster 9.5-main.
         Starting PostgreSQL RDBMS...
[[0;32m  OK  [0m] Started PostgreSQL RDBMS.
[[0;32m  OK  [0m] Reached target Multi-User System.
[[0;32m  OK  [0m] Reached target Graphical Interface.
         Starting Update UTMP about System Runlevel Changes...
         Starting Execute cloud user/final scripts...
[[0;32m  OK  [0m] Started Update UTMP about System Runlevel Changes.
[   27.914514] cloud-init[1229]: Cloud-init v. 17.1 running 'modules:final' at Tue, 09 Jan 2018 00:27:20 +0000. Up 27.78 seconds.
[   27.928684] cloud-init[1229]: Cloud-init v. 17.1 finished at Tue, 09 Jan 2018 00:27:20 +0000. Datasource DataSourceNoCloud [seed=/dev/sdb][dsmode=net].  Up 27.90 seconds
[[0;32m  OK  [0m] Started Execute cloud user/final scripts.
         Starting Daily apt download activities...
[[0;32m  OK  [0m] Reached target Cloud-init target.
[[0;32m  OK  [0m] Created slice User Slice of ubuntu.

Ubuntu 16.04.3 LTS ubuntu-xenial ttyS0

ubuntu-xenial login: 